<?xml version="1.0" encoding="UTF-8"?>
<!-- Generated by org.testng.reporters.JUnitXMLReporter -->
<testsuite ignored="1" hostname="DESKTOP-3LAS9CR" failures="11" tests="11" name="Test" time="21.888" errors="0" timestamp="11 Feb 2019 21:33:23 GMT">
  <testcase classname="pac2.OurWebSite" name="SuperTech" time="0.047">
    <failure type="org.testng.internal.thread.ThreadTimeoutException" message="Method pac2.OurWebSite.SuperTech() didn&amp;apos;t finish within the time-out 20">
      <![CDATA[org.testng.internal.thread.ThreadTimeoutException: Method pac2.OurWebSite.SuperTech() didn't finish within the time-out 20
at java.base@10.0.1/java.net.SocketInputStream.socketRead0(Native Method)
at java.base@10.0.1/java.net.SocketInputStream.socketRead(Unknown Source)
at java.base@10.0.1/java.net.SocketInputStream.read(Unknown Source)
at java.base@10.0.1/java.net.SocketInputStream.read(Unknown Source)
at app//org.apache.http.impl.conn.LoggingInputStream.read(LoggingInputStream.java:87)
at app//org.apache.http.impl.io.SessionInputBufferImpl.streamRead(SessionInputBufferImpl.java:139)
at app//org.apache.http.impl.io.SessionInputBufferImpl.fillBuffer(SessionInputBufferImpl.java:155)
at app//org.apache.http.impl.io.SessionInputBufferImpl.readLine(SessionInputBufferImpl.java:284)
at app//org.apache.http.impl.conn.DefaultHttpResponseParser.parseHead(DefaultHttpResponseParser.java:140)
at app//org.apache.http.impl.conn.DefaultHttpResponseParser.parseHead(DefaultHttpResponseParser.java:57)
at app//org.apache.http.impl.io.AbstractMessageParser.parse(AbstractMessageParser.java:261)
at app//org.apache.http.impl.DefaultBHttpClientConnection.receiveResponseHeader(DefaultBHttpClientConnection.java:165)
at app//org.apache.http.impl.conn.CPoolProxy.receiveResponseHeader(CPoolProxy.java:167)
at app//org.apache.http.protocol.HttpRequestExecutor.doReceiveResponse(HttpRequestExecutor.java:272)
at app//org.apache.http.protocol.HttpRequestExecutor.execute(HttpRequestExecutor.java:124)
at app//org.apache.http.impl.execchain.MainClientExec.execute(MainClientExec.java:271)
at app//org.apache.http.impl.execchain.ProtocolExec.execute(ProtocolExec.java:184)
at app//org.apache.http.impl.execchain.RetryExec.execute(RetryExec.java:88)
at app//org.apache.http.impl.execchain.RedirectExec.execute(RedirectExec.java:110)
at app//org.apache.http.impl.client.InternalHttpClient.doExecute(InternalHttpClient.java:184)
at app//org.apache.http.impl.client.CloseableHttpClient.execute(CloseableHttpClient.java:71)
at app//org.apache.http.impl.client.CloseableHttpClient.execute(CloseableHttpClient.java:55)
at app//org.openqa.selenium.remote.internal.ApacheHttpClient.fallBackExecute(ApacheHttpClient.java:144)
at app//org.openqa.selenium.remote.internal.ApacheHttpClient.execute(ApacheHttpClient.java:90)
at app//org.openqa.selenium.remote.HttpCommandExecutor.execute(HttpCommandExecutor.java:142)
at app//org.openqa.selenium.remote.service.DriverCommandExecutor.execute(DriverCommandExecutor.java:82)
at app//org.openqa.selenium.remote.RemoteWebDriver.execute(RemoteWebDriver.java:644)
at app//org.openqa.selenium.remote.RemoteWebDriver.get(RemoteWebDriver.java:316)
at app//pac2.OurWebSite.SuperTech(OurWebSite.java:21)
at java.base@10.0.1/java.util.concurrent.Executors$RunnableAdapter.call(Unknown Source)
at java.base@10.0.1/java.util.concurrent.FutureTask.run(Unknown Source)
at java.base@10.0.1/java.util.concurrent.ThreadPoolExecutor.runWorker(Unknown Source)
at java.base@10.0.1/java.util.concurrent.ThreadPoolExecutor$Worker.run(Unknown Source)
at java.base@10.0.1/java.lang.Thread.run(Unknown Source)
... Removed 7 stack frames]]>
    </failure>
  </testcase> <!-- SuperTech -->
  <testcase classname="pac2.OurWebSite" name="SuperTech" time="0.048">
    <failure type="org.testng.internal.thread.ThreadTimeoutException" message="Method pac2.OurWebSite.SuperTech() didn&amp;apos;t finish within the time-out 20">
      <![CDATA[org.testng.internal.thread.ThreadTimeoutException: Method pac2.OurWebSite.SuperTech() didn't finish within the time-out 20
at java.base@10.0.1/java.net.SocketInputStream.socketRead0(Native Method)
at java.base@10.0.1/java.net.SocketInputStream.socketRead(Unknown Source)
at java.base@10.0.1/java.net.SocketInputStream.read(Unknown Source)
at java.base@10.0.1/java.net.SocketInputStream.read(Unknown Source)
at app//org.apache.http.impl.conn.LoggingInputStream.read(LoggingInputStream.java:87)
at app//org.apache.http.impl.io.SessionInputBufferImpl.streamRead(SessionInputBufferImpl.java:139)
at app//org.apache.http.impl.io.SessionInputBufferImpl.fillBuffer(SessionInputBufferImpl.java:155)
at app//org.apache.http.impl.io.SessionInputBufferImpl.readLine(SessionInputBufferImpl.java:284)
at app//org.apache.http.impl.conn.DefaultHttpResponseParser.parseHead(DefaultHttpResponseParser.java:140)
at app//org.apache.http.impl.conn.DefaultHttpResponseParser.parseHead(DefaultHttpResponseParser.java:57)
at app//org.apache.http.impl.io.AbstractMessageParser.parse(AbstractMessageParser.java:261)
at app//org.apache.http.impl.DefaultBHttpClientConnection.receiveResponseHeader(DefaultBHttpClientConnection.java:165)
at app//org.apache.http.impl.conn.CPoolProxy.receiveResponseHeader(CPoolProxy.java:167)
at app//org.apache.http.protocol.HttpRequestExecutor.doReceiveResponse(HttpRequestExecutor.java:272)
at app//org.apache.http.protocol.HttpRequestExecutor.execute(HttpRequestExecutor.java:124)
at app//org.apache.http.impl.execchain.MainClientExec.execute(MainClientExec.java:271)
at app//org.apache.http.impl.execchain.ProtocolExec.execute(ProtocolExec.java:184)
at app//org.apache.http.impl.execchain.RetryExec.execute(RetryExec.java:88)
at app//org.apache.http.impl.execchain.RedirectExec.execute(RedirectExec.java:110)
at app//org.apache.http.impl.client.InternalHttpClient.doExecute(InternalHttpClient.java:184)
at app//org.apache.http.impl.client.CloseableHttpClient.execute(CloseableHttpClient.java:71)
at app//org.apache.http.impl.client.CloseableHttpClient.execute(CloseableHttpClient.java:55)
at app//org.openqa.selenium.remote.internal.ApacheHttpClient.fallBackExecute(ApacheHttpClient.java:144)
at app//org.openqa.selenium.remote.internal.ApacheHttpClient.execute(ApacheHttpClient.java:90)
at app//org.openqa.selenium.remote.HttpCommandExecutor.execute(HttpCommandExecutor.java:142)
at app//org.openqa.selenium.remote.service.DriverCommandExecutor.execute(DriverCommandExecutor.java:82)
at app//org.openqa.selenium.remote.RemoteWebDriver.execute(RemoteWebDriver.java:644)
at app//org.openqa.selenium.remote.RemoteWebDriver.get(RemoteWebDriver.java:316)
at app//pac2.OurWebSite.SuperTech(OurWebSite.java:21)
at java.base@10.0.1/java.util.concurrent.Executors$RunnableAdapter.call(Unknown Source)
at java.base@10.0.1/java.util.concurrent.FutureTask.run(Unknown Source)
at java.base@10.0.1/java.util.concurrent.ThreadPoolExecutor.runWorker(Unknown Source)
at java.base@10.0.1/java.util.concurrent.ThreadPoolExecutor$Worker.run(Unknown Source)
at java.base@10.0.1/java.lang.Thread.run(Unknown Source)
... Removed 7 stack frames]]>
    </failure>
  </testcase> <!-- SuperTech -->
  <testcase classname="pac2.OurWebSite" name="SuperTech" time="0.023">
    <failure type="org.testng.internal.thread.ThreadTimeoutException" message="Method pac2.OurWebSite.SuperTech() didn&amp;apos;t finish within the time-out 20">
      <![CDATA[org.testng.internal.thread.ThreadTimeoutException: Method pac2.OurWebSite.SuperTech() didn't finish within the time-out 20
at java.base@10.0.1/java.net.SocketInputStream.socketRead0(Native Method)
at java.base@10.0.1/java.net.SocketInputStream.socketRead(Unknown Source)
at java.base@10.0.1/java.net.SocketInputStream.read(Unknown Source)
at java.base@10.0.1/java.net.SocketInputStream.read(Unknown Source)
at app//org.apache.http.impl.conn.LoggingInputStream.read(LoggingInputStream.java:87)
at app//org.apache.http.impl.io.SessionInputBufferImpl.streamRead(SessionInputBufferImpl.java:139)
at app//org.apache.http.impl.io.SessionInputBufferImpl.fillBuffer(SessionInputBufferImpl.java:155)
at app//org.apache.http.impl.io.SessionInputBufferImpl.readLine(SessionInputBufferImpl.java:284)
at app//org.apache.http.impl.conn.DefaultHttpResponseParser.parseHead(DefaultHttpResponseParser.java:140)
at app//org.apache.http.impl.conn.DefaultHttpResponseParser.parseHead(DefaultHttpResponseParser.java:57)
at app//org.apache.http.impl.io.AbstractMessageParser.parse(AbstractMessageParser.java:261)
at app//org.apache.http.impl.DefaultBHttpClientConnection.receiveResponseHeader(DefaultBHttpClientConnection.java:165)
at app//org.apache.http.impl.conn.CPoolProxy.receiveResponseHeader(CPoolProxy.java:167)
at app//org.apache.http.protocol.HttpRequestExecutor.doReceiveResponse(HttpRequestExecutor.java:272)
at app//org.apache.http.protocol.HttpRequestExecutor.execute(HttpRequestExecutor.java:124)
at app//org.apache.http.impl.execchain.MainClientExec.execute(MainClientExec.java:271)
at app//org.apache.http.impl.execchain.ProtocolExec.execute(ProtocolExec.java:184)
at app//org.apache.http.impl.execchain.RetryExec.execute(RetryExec.java:88)
at app//org.apache.http.impl.execchain.RedirectExec.execute(RedirectExec.java:110)
at app//org.apache.http.impl.client.InternalHttpClient.doExecute(InternalHttpClient.java:184)
at app//org.apache.http.impl.client.CloseableHttpClient.execute(CloseableHttpClient.java:71)
at app//org.apache.http.impl.client.CloseableHttpClient.execute(CloseableHttpClient.java:55)
at app//org.openqa.selenium.remote.internal.ApacheHttpClient.fallBackExecute(ApacheHttpClient.java:144)
at app//org.openqa.selenium.remote.internal.ApacheHttpClient.execute(ApacheHttpClient.java:90)
at app//org.openqa.selenium.remote.HttpCommandExecutor.execute(HttpCommandExecutor.java:142)
at app//org.openqa.selenium.remote.service.DriverCommandExecutor.execute(DriverCommandExecutor.java:82)
at app//org.openqa.selenium.remote.RemoteWebDriver.execute(RemoteWebDriver.java:644)
at app//org.openqa.selenium.remote.RemoteWebDriver.get(RemoteWebDriver.java:316)
at app//pac2.OurWebSite.SuperTech(OurWebSite.java:21)
at java.base@10.0.1/java.util.concurrent.Executors$RunnableAdapter.call(Unknown Source)
at java.base@10.0.1/java.util.concurrent.FutureTask.run(Unknown Source)
at java.base@10.0.1/java.util.concurrent.ThreadPoolExecutor.runWorker(Unknown Source)
at java.base@10.0.1/java.util.concurrent.ThreadPoolExecutor$Worker.run(Unknown Source)
at java.base@10.0.1/java.lang.Thread.run(Unknown Source)
... Removed 7 stack frames]]>
    </failure>
  </testcase> <!-- SuperTech -->
  <testcase classname="failTestScreenShot.ScreenShotTest" name="Facebook" time="0.026">
    <failure type="org.testng.internal.thread.ThreadTimeoutException" message="Method failTestScreenShot.ScreenShotTest.Facebook() didn&amp;apos;t finish within the time-out 20">
      <![CDATA[org.testng.internal.thread.ThreadTimeoutException: Method failTestScreenShot.ScreenShotTest.Facebook() didn't finish within the time-out 20
at java.base@10.0.1/java.net.SocketInputStream.socketRead0(Native Method)
at java.base@10.0.1/java.net.SocketInputStream.socketRead(Unknown Source)
at java.base@10.0.1/java.net.SocketInputStream.read(Unknown Source)
at java.base@10.0.1/java.net.SocketInputStream.read(Unknown Source)
at app//org.apache.http.impl.conn.LoggingInputStream.read(LoggingInputStream.java:87)
at app//org.apache.http.impl.io.SessionInputBufferImpl.streamRead(SessionInputBufferImpl.java:139)
at app//org.apache.http.impl.io.SessionInputBufferImpl.fillBuffer(SessionInputBufferImpl.java:155)
at app//org.apache.http.impl.io.SessionInputBufferImpl.readLine(SessionInputBufferImpl.java:284)
at app//org.apache.http.impl.conn.DefaultHttpResponseParser.parseHead(DefaultHttpResponseParser.java:140)
at app//org.apache.http.impl.conn.DefaultHttpResponseParser.parseHead(DefaultHttpResponseParser.java:57)
at app//org.apache.http.impl.io.AbstractMessageParser.parse(AbstractMessageParser.java:261)
at app//org.apache.http.impl.DefaultBHttpClientConnection.receiveResponseHeader(DefaultBHttpClientConnection.java:165)
at app//org.apache.http.impl.conn.CPoolProxy.receiveResponseHeader(CPoolProxy.java:167)
at app//org.apache.http.protocol.HttpRequestExecutor.doReceiveResponse(HttpRequestExecutor.java:272)
at app//org.apache.http.protocol.HttpRequestExecutor.execute(HttpRequestExecutor.java:124)
at app//org.apache.http.impl.execchain.MainClientExec.execute(MainClientExec.java:271)
at app//org.apache.http.impl.execchain.ProtocolExec.execute(ProtocolExec.java:184)
at app//org.apache.http.impl.execchain.RetryExec.execute(RetryExec.java:88)
at app//org.apache.http.impl.execchain.RedirectExec.execute(RedirectExec.java:110)
at app//org.apache.http.impl.client.InternalHttpClient.doExecute(InternalHttpClient.java:184)
at app//org.apache.http.impl.client.CloseableHttpClient.execute(CloseableHttpClient.java:71)
at app//org.apache.http.impl.client.CloseableHttpClient.execute(CloseableHttpClient.java:55)
at app//org.openqa.selenium.remote.internal.ApacheHttpClient.fallBackExecute(ApacheHttpClient.java:144)
at app//org.openqa.selenium.remote.internal.ApacheHttpClient.execute(ApacheHttpClient.java:90)
at app//org.openqa.selenium.remote.HttpCommandExecutor.execute(HttpCommandExecutor.java:142)
at app//org.openqa.selenium.remote.service.DriverCommandExecutor.execute(DriverCommandExecutor.java:82)
at app//org.openqa.selenium.remote.RemoteWebDriver.execute(RemoteWebDriver.java:644)
at app//org.openqa.selenium.remote.RemoteWebDriver.get(RemoteWebDriver.java:316)
at app//failTestScreenShot.ScreenShotTest.Facebook(ScreenShotTest.java:21)
at java.base@10.0.1/java.util.concurrent.Executors$RunnableAdapter.call(Unknown Source)
at java.base@10.0.1/java.util.concurrent.FutureTask.run(Unknown Source)
at java.base@10.0.1/java.util.concurrent.ThreadPoolExecutor.runWorker(Unknown Source)
at java.base@10.0.1/java.util.concurrent.ThreadPoolExecutor$Worker.run(Unknown Source)
at java.base@10.0.1/java.lang.Thread.run(Unknown Source)
... Removed 7 stack frames]]>
    </failure>
  </testcase> <!-- Facebook -->
  <testcase classname="failTestScreenShot.ScreenShotTest" name="Facebook" time="0.035">
    <failure type="org.testng.internal.thread.ThreadTimeoutException" message="Method failTestScreenShot.ScreenShotTest.Facebook() didn&amp;apos;t finish within the time-out 20">
      <![CDATA[org.testng.internal.thread.ThreadTimeoutException: Method failTestScreenShot.ScreenShotTest.Facebook() didn't finish within the time-out 20
at java.base@10.0.1/java.net.SocketInputStream.socketRead0(Native Method)
at java.base@10.0.1/java.net.SocketInputStream.socketRead(Unknown Source)
at java.base@10.0.1/java.net.SocketInputStream.read(Unknown Source)
at java.base@10.0.1/java.net.SocketInputStream.read(Unknown Source)
at app//org.apache.http.impl.conn.LoggingInputStream.read(LoggingInputStream.java:87)
at app//org.apache.http.impl.io.SessionInputBufferImpl.streamRead(SessionInputBufferImpl.java:139)
at app//org.apache.http.impl.io.SessionInputBufferImpl.fillBuffer(SessionInputBufferImpl.java:155)
at app//org.apache.http.impl.io.SessionInputBufferImpl.readLine(SessionInputBufferImpl.java:284)
at app//org.apache.http.impl.conn.DefaultHttpResponseParser.parseHead(DefaultHttpResponseParser.java:140)
at app//org.apache.http.impl.conn.DefaultHttpResponseParser.parseHead(DefaultHttpResponseParser.java:57)
at app//org.apache.http.impl.io.AbstractMessageParser.parse(AbstractMessageParser.java:261)
at app//org.apache.http.impl.DefaultBHttpClientConnection.receiveResponseHeader(DefaultBHttpClientConnection.java:165)
at app//org.apache.http.impl.conn.CPoolProxy.receiveResponseHeader(CPoolProxy.java:167)
at app//org.apache.http.protocol.HttpRequestExecutor.doReceiveResponse(HttpRequestExecutor.java:272)
at app//org.apache.http.protocol.HttpRequestExecutor.execute(HttpRequestExecutor.java:124)
at app//org.apache.http.impl.execchain.MainClientExec.execute(MainClientExec.java:271)
at app//org.apache.http.impl.execchain.ProtocolExec.execute(ProtocolExec.java:184)
at app//org.apache.http.impl.execchain.RetryExec.execute(RetryExec.java:88)
at app//org.apache.http.impl.execchain.RedirectExec.execute(RedirectExec.java:110)
at app//org.apache.http.impl.client.InternalHttpClient.doExecute(InternalHttpClient.java:184)
at app//org.apache.http.impl.client.CloseableHttpClient.execute(CloseableHttpClient.java:71)
at app//org.apache.http.impl.client.CloseableHttpClient.execute(CloseableHttpClient.java:55)
at app//org.openqa.selenium.remote.internal.ApacheHttpClient.fallBackExecute(ApacheHttpClient.java:144)
at app//org.openqa.selenium.remote.internal.ApacheHttpClient.execute(ApacheHttpClient.java:90)
at app//org.openqa.selenium.remote.HttpCommandExecutor.execute(HttpCommandExecutor.java:142)
at app//org.openqa.selenium.remote.service.DriverCommandExecutor.execute(DriverCommandExecutor.java:82)
at app//org.openqa.selenium.remote.RemoteWebDriver.execute(RemoteWebDriver.java:644)
at app//org.openqa.selenium.remote.RemoteWebDriver.get(RemoteWebDriver.java:316)
at app//failTestScreenShot.ScreenShotTest.Facebook(ScreenShotTest.java:21)
at java.base@10.0.1/java.util.concurrent.Executors$RunnableAdapter.call(Unknown Source)
at java.base@10.0.1/java.util.concurrent.FutureTask.run(Unknown Source)
at java.base@10.0.1/java.util.concurrent.ThreadPoolExecutor.runWorker(Unknown Source)
at java.base@10.0.1/java.util.concurrent.ThreadPoolExecutor$Worker.run(Unknown Source)
at java.base@10.0.1/java.lang.Thread.run(Unknown Source)
... Removed 7 stack frames]]>
    </failure>
  </testcase> <!-- Facebook -->
  <testcase classname="failTestScreenShot.ScreenShotTest" name="Facebook" time="0.023">
    <failure type="org.testng.internal.thread.ThreadTimeoutException" message="Method failTestScreenShot.ScreenShotTest.Facebook() didn&amp;apos;t finish within the time-out 20">
      <![CDATA[org.testng.internal.thread.ThreadTimeoutException: Method failTestScreenShot.ScreenShotTest.Facebook() didn't finish within the time-out 20
at java.base@10.0.1/java.net.SocketInputStream.socketRead0(Native Method)
at java.base@10.0.1/java.net.SocketInputStream.socketRead(Unknown Source)
at java.base@10.0.1/java.net.SocketInputStream.read(Unknown Source)
at java.base@10.0.1/java.net.SocketInputStream.read(Unknown Source)
at app//org.apache.http.impl.conn.LoggingInputStream.read(LoggingInputStream.java:87)
at app//org.apache.http.impl.io.SessionInputBufferImpl.streamRead(SessionInputBufferImpl.java:139)
at app//org.apache.http.impl.io.SessionInputBufferImpl.fillBuffer(SessionInputBufferImpl.java:155)
at app//org.apache.http.impl.io.SessionInputBufferImpl.readLine(SessionInputBufferImpl.java:284)
at app//org.apache.http.impl.conn.DefaultHttpResponseParser.parseHead(DefaultHttpResponseParser.java:140)
at app//org.apache.http.impl.conn.DefaultHttpResponseParser.parseHead(DefaultHttpResponseParser.java:57)
at app//org.apache.http.impl.io.AbstractMessageParser.parse(AbstractMessageParser.java:261)
at app//org.apache.http.impl.DefaultBHttpClientConnection.receiveResponseHeader(DefaultBHttpClientConnection.java:165)
at app//org.apache.http.impl.conn.CPoolProxy.receiveResponseHeader(CPoolProxy.java:167)
at app//org.apache.http.protocol.HttpRequestExecutor.doReceiveResponse(HttpRequestExecutor.java:272)
at app//org.apache.http.protocol.HttpRequestExecutor.execute(HttpRequestExecutor.java:124)
at app//org.apache.http.impl.execchain.MainClientExec.execute(MainClientExec.java:271)
at app//org.apache.http.impl.execchain.ProtocolExec.execute(ProtocolExec.java:184)
at app//org.apache.http.impl.execchain.RetryExec.execute(RetryExec.java:88)
at app//org.apache.http.impl.execchain.RedirectExec.execute(RedirectExec.java:110)
at app//org.apache.http.impl.client.InternalHttpClient.doExecute(InternalHttpClient.java:184)
at app//org.apache.http.impl.client.CloseableHttpClient.execute(CloseableHttpClient.java:71)
at app//org.apache.http.impl.client.CloseableHttpClient.execute(CloseableHttpClient.java:55)
at app//org.openqa.selenium.remote.internal.ApacheHttpClient.fallBackExecute(ApacheHttpClient.java:144)
at app//org.openqa.selenium.remote.internal.ApacheHttpClient.execute(ApacheHttpClient.java:90)
at app//org.openqa.selenium.remote.HttpCommandExecutor.execute(HttpCommandExecutor.java:142)
at app//org.openqa.selenium.remote.service.DriverCommandExecutor.execute(DriverCommandExecutor.java:82)
at app//org.openqa.selenium.remote.RemoteWebDriver.execute(RemoteWebDriver.java:644)
at app//org.openqa.selenium.remote.RemoteWebDriver.get(RemoteWebDriver.java:316)
at app//failTestScreenShot.ScreenShotTest.Facebook(ScreenShotTest.java:21)
at java.base@10.0.1/java.util.concurrent.Executors$RunnableAdapter.call(Unknown Source)
at java.base@10.0.1/java.util.concurrent.FutureTask.run(Unknown Source)
at java.base@10.0.1/java.util.concurrent.ThreadPoolExecutor.runWorker(Unknown Source)
at java.base@10.0.1/java.util.concurrent.ThreadPoolExecutor$Worker.run(Unknown Source)
at java.base@10.0.1/java.lang.Thread.run(Unknown Source)
... Removed 7 stack frames]]>
    </failure>
  </testcase> <!-- Facebook -->
  <testcase classname="pack1.ScreenTest" name="Facebook" time="0.027">
    <failure type="org.testng.internal.thread.ThreadTimeoutException" message="Method pack1.ScreenTest.Facebook() didn&amp;apos;t finish within the time-out 20">
      <![CDATA[org.testng.internal.thread.ThreadTimeoutException: Method pack1.ScreenTest.Facebook() didn't finish within the time-out 20
at java.base@10.0.1/java.net.SocketInputStream.socketRead0(Native Method)
at java.base@10.0.1/java.net.SocketInputStream.socketRead(Unknown Source)
at java.base@10.0.1/java.net.SocketInputStream.read(Unknown Source)
at java.base@10.0.1/java.net.SocketInputStream.read(Unknown Source)
at app//org.apache.http.impl.conn.LoggingInputStream.read(LoggingInputStream.java:87)
at app//org.apache.http.impl.io.SessionInputBufferImpl.streamRead(SessionInputBufferImpl.java:139)
at app//org.apache.http.impl.io.SessionInputBufferImpl.fillBuffer(SessionInputBufferImpl.java:155)
at app//org.apache.http.impl.io.SessionInputBufferImpl.readLine(SessionInputBufferImpl.java:284)
at app//org.apache.http.impl.conn.DefaultHttpResponseParser.parseHead(DefaultHttpResponseParser.java:140)
at app//org.apache.http.impl.conn.DefaultHttpResponseParser.parseHead(DefaultHttpResponseParser.java:57)
at app//org.apache.http.impl.io.AbstractMessageParser.parse(AbstractMessageParser.java:261)
at app//org.apache.http.impl.DefaultBHttpClientConnection.receiveResponseHeader(DefaultBHttpClientConnection.java:165)
at app//org.apache.http.impl.conn.CPoolProxy.receiveResponseHeader(CPoolProxy.java:167)
at app//org.apache.http.protocol.HttpRequestExecutor.doReceiveResponse(HttpRequestExecutor.java:272)
at app//org.apache.http.protocol.HttpRequestExecutor.execute(HttpRequestExecutor.java:124)
at app//org.apache.http.impl.execchain.MainClientExec.execute(MainClientExec.java:271)
at app//org.apache.http.impl.execchain.ProtocolExec.execute(ProtocolExec.java:184)
at app//org.apache.http.impl.execchain.RetryExec.execute(RetryExec.java:88)
at app//org.apache.http.impl.execchain.RedirectExec.execute(RedirectExec.java:110)
at app//org.apache.http.impl.client.InternalHttpClient.doExecute(InternalHttpClient.java:184)
at app//org.apache.http.impl.client.CloseableHttpClient.execute(CloseableHttpClient.java:71)
at app//org.apache.http.impl.client.CloseableHttpClient.execute(CloseableHttpClient.java:55)
at app//org.openqa.selenium.remote.internal.ApacheHttpClient.fallBackExecute(ApacheHttpClient.java:144)
at app//org.openqa.selenium.remote.internal.ApacheHttpClient.execute(ApacheHttpClient.java:90)
at app//org.openqa.selenium.remote.HttpCommandExecutor.execute(HttpCommandExecutor.java:142)
at app//org.openqa.selenium.remote.service.DriverCommandExecutor.execute(DriverCommandExecutor.java:82)
at app//org.openqa.selenium.remote.RemoteWebDriver.execute(RemoteWebDriver.java:644)
at app//org.openqa.selenium.remote.RemoteWebDriver.get(RemoteWebDriver.java:316)
at app//pack1.ScreenTest.Facebook(ScreenTest.java:21)
at java.base@10.0.1/java.util.concurrent.Executors$RunnableAdapter.call(Unknown Source)
at java.base@10.0.1/java.util.concurrent.FutureTask.run(Unknown Source)
at java.base@10.0.1/java.util.concurrent.ThreadPoolExecutor.runWorker(Unknown Source)
at java.base@10.0.1/java.util.concurrent.ThreadPoolExecutor$Worker.run(Unknown Source)
at java.base@10.0.1/java.lang.Thread.run(Unknown Source)
... Removed 7 stack frames]]>
    </failure>
  </testcase> <!-- Facebook -->
  <testcase classname="pack1.ScreenTest" name="Facebook" time="0.024">
    <failure type="org.testng.internal.thread.ThreadTimeoutException" message="Method pack1.ScreenTest.Facebook() didn&amp;apos;t finish within the time-out 20">
      <![CDATA[org.testng.internal.thread.ThreadTimeoutException: Method pack1.ScreenTest.Facebook() didn't finish within the time-out 20
at java.base@10.0.1/java.net.SocketInputStream.socketRead0(Native Method)
at java.base@10.0.1/java.net.SocketInputStream.socketRead(Unknown Source)
at java.base@10.0.1/java.net.SocketInputStream.read(Unknown Source)
at java.base@10.0.1/java.net.SocketInputStream.read(Unknown Source)
at app//org.apache.http.impl.conn.LoggingInputStream.read(LoggingInputStream.java:87)
at app//org.apache.http.impl.io.SessionInputBufferImpl.streamRead(SessionInputBufferImpl.java:139)
at app//org.apache.http.impl.io.SessionInputBufferImpl.fillBuffer(SessionInputBufferImpl.java:155)
at app//org.apache.http.impl.io.SessionInputBufferImpl.readLine(SessionInputBufferImpl.java:284)
at app//org.apache.http.impl.conn.DefaultHttpResponseParser.parseHead(DefaultHttpResponseParser.java:140)
at app//org.apache.http.impl.conn.DefaultHttpResponseParser.parseHead(DefaultHttpResponseParser.java:57)
at app//org.apache.http.impl.io.AbstractMessageParser.parse(AbstractMessageParser.java:261)
at app//org.apache.http.impl.DefaultBHttpClientConnection.receiveResponseHeader(DefaultBHttpClientConnection.java:165)
at app//org.apache.http.impl.conn.CPoolProxy.receiveResponseHeader(CPoolProxy.java:167)
at app//org.apache.http.protocol.HttpRequestExecutor.doReceiveResponse(HttpRequestExecutor.java:272)
at app//org.apache.http.protocol.HttpRequestExecutor.execute(HttpRequestExecutor.java:124)
at app//org.apache.http.impl.execchain.MainClientExec.execute(MainClientExec.java:271)
at app//org.apache.http.impl.execchain.ProtocolExec.execute(ProtocolExec.java:184)
at app//org.apache.http.impl.execchain.RetryExec.execute(RetryExec.java:88)
at app//org.apache.http.impl.execchain.RedirectExec.execute(RedirectExec.java:110)
at app//org.apache.http.impl.client.InternalHttpClient.doExecute(InternalHttpClient.java:184)
at app//org.apache.http.impl.client.CloseableHttpClient.execute(CloseableHttpClient.java:71)
at app//org.apache.http.impl.client.CloseableHttpClient.execute(CloseableHttpClient.java:55)
at app//org.openqa.selenium.remote.internal.ApacheHttpClient.fallBackExecute(ApacheHttpClient.java:144)
at app//org.openqa.selenium.remote.internal.ApacheHttpClient.execute(ApacheHttpClient.java:90)
at app//org.openqa.selenium.remote.HttpCommandExecutor.execute(HttpCommandExecutor.java:142)
at app//org.openqa.selenium.remote.service.DriverCommandExecutor.execute(DriverCommandExecutor.java:82)
at app//org.openqa.selenium.remote.RemoteWebDriver.execute(RemoteWebDriver.java:644)
at app//org.openqa.selenium.remote.RemoteWebDriver.get(RemoteWebDriver.java:316)
at app//pack1.ScreenTest.Facebook(ScreenTest.java:21)
at java.base@10.0.1/java.util.concurrent.Executors$RunnableAdapter.call(Unknown Source)
at java.base@10.0.1/java.util.concurrent.FutureTask.run(Unknown Source)
at java.base@10.0.1/java.util.concurrent.ThreadPoolExecutor.runWorker(Unknown Source)
at java.base@10.0.1/java.util.concurrent.ThreadPoolExecutor$Worker.run(Unknown Source)
at java.base@10.0.1/java.lang.Thread.run(Unknown Source)
... Removed 7 stack frames]]>
    </failure>
  </testcase> <!-- Facebook -->
  <testcase classname="pack1.ScreenTest" name="Facebook" time="0.025">
    <failure type="org.testng.internal.thread.ThreadTimeoutException" message="Method pack1.ScreenTest.Facebook() didn&amp;apos;t finish within the time-out 20">
      <![CDATA[org.testng.internal.thread.ThreadTimeoutException: Method pack1.ScreenTest.Facebook() didn't finish within the time-out 20
at java.base@10.0.1/java.net.SocketInputStream.socketRead0(Native Method)
at java.base@10.0.1/java.net.SocketInputStream.socketRead(Unknown Source)
at java.base@10.0.1/java.net.SocketInputStream.read(Unknown Source)
at java.base@10.0.1/java.net.SocketInputStream.read(Unknown Source)
at app//org.apache.http.impl.conn.LoggingInputStream.read(LoggingInputStream.java:87)
at app//org.apache.http.impl.io.SessionInputBufferImpl.streamRead(SessionInputBufferImpl.java:139)
at app//org.apache.http.impl.io.SessionInputBufferImpl.fillBuffer(SessionInputBufferImpl.java:155)
at app//org.apache.http.impl.io.SessionInputBufferImpl.readLine(SessionInputBufferImpl.java:284)
at app//org.apache.http.impl.conn.DefaultHttpResponseParser.parseHead(DefaultHttpResponseParser.java:140)
at app//org.apache.http.impl.conn.DefaultHttpResponseParser.parseHead(DefaultHttpResponseParser.java:57)
at app//org.apache.http.impl.io.AbstractMessageParser.parse(AbstractMessageParser.java:261)
at app//org.apache.http.impl.DefaultBHttpClientConnection.receiveResponseHeader(DefaultBHttpClientConnection.java:165)
at app//org.apache.http.impl.conn.CPoolProxy.receiveResponseHeader(CPoolProxy.java:167)
at app//org.apache.http.protocol.HttpRequestExecutor.doReceiveResponse(HttpRequestExecutor.java:272)
at app//org.apache.http.protocol.HttpRequestExecutor.execute(HttpRequestExecutor.java:124)
at app//org.apache.http.impl.execchain.MainClientExec.execute(MainClientExec.java:271)
at app//org.apache.http.impl.execchain.ProtocolExec.execute(ProtocolExec.java:184)
at app//org.apache.http.impl.execchain.RetryExec.execute(RetryExec.java:88)
at app//org.apache.http.impl.execchain.RedirectExec.execute(RedirectExec.java:110)
at app//org.apache.http.impl.client.InternalHttpClient.doExecute(InternalHttpClient.java:184)
at app//org.apache.http.impl.client.CloseableHttpClient.execute(CloseableHttpClient.java:71)
at app//org.apache.http.impl.client.CloseableHttpClient.execute(CloseableHttpClient.java:55)
at app//org.openqa.selenium.remote.internal.ApacheHttpClient.fallBackExecute(ApacheHttpClient.java:144)
at app//org.openqa.selenium.remote.internal.ApacheHttpClient.execute(ApacheHttpClient.java:90)
at app//org.openqa.selenium.remote.HttpCommandExecutor.execute(HttpCommandExecutor.java:142)
at app//org.openqa.selenium.remote.service.DriverCommandExecutor.execute(DriverCommandExecutor.java:82)
at app//org.openqa.selenium.remote.RemoteWebDriver.execute(RemoteWebDriver.java:644)
at app//org.openqa.selenium.remote.RemoteWebDriver.get(RemoteWebDriver.java:316)
at app//pack1.ScreenTest.Facebook(ScreenTest.java:21)
at java.base@10.0.1/java.util.concurrent.Executors$RunnableAdapter.call(Unknown Source)
at java.base@10.0.1/java.util.concurrent.FutureTask.run(Unknown Source)
at java.base@10.0.1/java.util.concurrent.ThreadPoolExecutor.runWorker(Unknown Source)
at java.base@10.0.1/java.util.concurrent.ThreadPoolExecutor$Worker.run(Unknown Source)
at java.base@10.0.1/java.lang.Thread.run(Unknown Source)
... Removed 7 stack frames]]>
    </failure>
  </testcase> <!-- Facebook -->
  <testcase classname="failTestScreenShot.ScreenShotTest" name="Google" time="0.863">
    <failure type="java.lang.AssertionError" message="expected [false] but found [true]">
      <![CDATA[java.lang.AssertionError: expected [false] but found [true]
at failTestScreenShot.ScreenShotTest.Google(ScreenShotTest.java:27)
... Removed 31 stack frames]]>
    </failure>
  </testcase> <!-- Google -->
  <testcase classname="failTestScreenShot.ScreenShotTest" name="SuperTech" time="0.294">
    <failure type="java.lang.AssertionError" message="expected [false] but found [true]">
      <![CDATA[java.lang.AssertionError: expected [false] but found [true]
at failTestScreenShot.ScreenShotTest.SuperTech(ScreenShotTest.java:37)
... Removed 31 stack frames]]>
    </failure>
  </testcase> <!-- SuperTech -->
  <testcase classname="failTestScreenShot.ScreenShotTest" name="Selenium" time="0.0">
    <ignored/>
  </testcase> <!-- Selenium -->
</testsuite> <!-- Test -->
